<?xml version="1.0" encoding="UTF-8"?>
<testng-results ignored="0" total="6" passed="6" failed="0" skipped="0">
  <reporter-output>
  </reporter-output>
  <suite started-at="2021-12-13T08:20:28 IST" name="Suite" finished-at="2021-12-13T08:20:28 IST" duration-ms="235">
    <groups>
    </groups>
    <test started-at="2021-12-13T08:20:28 IST" name="Test" finished-at="2021-12-13T08:20:28 IST" duration-ms="235">
      <class name="qaclickacademy.Mavenjava.RestAPITest">
        <test-method signature="deleteTwitter()[pri:0, instance:qaclickacademy.Mavenjava.RestAPITest@31e5415e]" started-at="2021-12-13T08:20:28 IST" name="deleteTwitter" finished-at="2021-12-13T08:20:28 IST" duration-ms="21" status="PASS">
          <reporter-output>
          </reporter-output>
        </test-method> <!-- deleteTwitter -->
        <test-method signature="postJira()[pri:0, instance:qaclickacademy.Mavenjava.RestAPITest@31e5415e]" started-at="2021-12-13T08:20:28 IST" name="postJira" finished-at="2021-12-13T08:20:28 IST" duration-ms="1" status="PASS">
          <reporter-output>
          </reporter-output>
        </test-method> <!-- postJira -->
      </class> <!-- qaclickacademy.Mavenjava.RestAPITest -->
      <class name="qaclickacademy.Mavenjava.AppiumTest">
        <test-method signature="IOSApps()[pri:0, instance:qaclickacademy.Mavenjava.AppiumTest@69997e9d]" started-at="2021-12-13T08:20:28 IST" name="IOSApps" finished-at="2021-12-13T08:20:28 IST" duration-ms="1" status="PASS">
          <reporter-output>
          </reporter-output>
        </test-method> <!-- IOSApps -->
        <test-method signature="nativeAppAndriod()[pri:0, instance:qaclickacademy.Mavenjava.AppiumTest@69997e9d]" started-at="2021-12-13T08:20:28 IST" name="nativeAppAndriod" finished-at="2021-12-13T08:20:28 IST" duration-ms="0" status="PASS">
          <reporter-output>
          </reporter-output>
        </test-method> <!-- nativeAppAndriod -->
      </class> <!-- qaclickacademy.Mavenjava.AppiumTest -->
      <class name="qaclickacademy.Mavenjava.SeleniumTest">
        <test-method signature="Browserautomation()[pri:0, instance:qaclickacademy.Mavenjava.SeleniumTest@793be5ca]" started-at="2021-12-13T08:20:28 IST" name="Browserautomation" finished-at="2021-12-13T08:20:28 IST" duration-ms="1" status="PASS">
          <reporter-output>
          </reporter-output>
        </test-method> <!-- Browserautomation -->
        <test-method signature="elementUI()[pri:0, instance:qaclickacademy.Mavenjava.SeleniumTest@793be5ca]" started-at="2021-12-13T08:20:28 IST" name="elementUI" finished-at="2021-12-13T08:20:28 IST" duration-ms="0" status="PASS">
          <reporter-output>
          </reporter-output>
        </test-method> <!-- elementUI -->
      </class> <!-- qaclickacademy.Mavenjava.SeleniumTest -->
    </test> <!-- Test -->
  </suite> <!-- Suite -->
</testng-results>
