<?xml version="1.0" encoding="UTF-8"?>
<testng-results ignored="0" total="2" passed="2" failed="0" skipped="0">
  <reporter-output>
  </reporter-output>
  <suite started-at="2021-11-13T07:51:32 IST" name="Default suite" finished-at="2021-11-13T07:51:32 IST" duration-ms="60">
    <groups>
    </groups>
    <test started-at="2021-11-13T07:51:32 IST" name="Default test" finished-at="2021-11-13T07:51:32 IST" duration-ms="60">
      <class name="qaclickacademy.Mavenjava.Seleniumtest">
        <test-method signature="Browserautomation()[pri:0, instance:qaclickacademy.Mavenjava.Seleniumtest@46fa7c39]" started-at="2021-11-13T07:51:32 IST" name="Browserautomation" finished-at="2021-11-13T07:51:32 IST" duration-ms="12" status="PASS">
          <reporter-output>
          </reporter-output>
        </test-method> <!-- Browserautomation -->
        <test-method signature="elementUI()[pri:0, instance:qaclickacademy.Mavenjava.Seleniumtest@46fa7c39]" started-at="2021-11-13T07:51:32 IST" name="elementUI" finished-at="2021-11-13T07:51:32 IST" duration-ms="1" status="PASS">
          <reporter-output>
          </reporter-output>
        </test-method> <!-- elementUI -->
      </class> <!-- qaclickacademy.Mavenjava.Seleniumtest -->
    </test> <!-- Default test -->
  </suite> <!-- Default suite -->
</testng-results>
